0 info it worked if it ends with ok
1 verbose cli [ 'C:\\Program Files\\nodejs\\node.exe',
1 verbose cli   'C:\\Program Files\\nodejs\\node_modules\\npm\\bin\\npm-cli.js',
1 verbose cli   'install',
1 verbose cli   '-g',
1 verbose cli   'ionic@2.0.0' ]
2 info using npm@3.10.8
3 info using node@v6.8.1
4 silly loadCurrentTree Starting
5 silly install loadCurrentTree
6 silly install readGlobalPackageData
7 silly fetchPackageMetaData ionic@2.0.0
8 silly fetchNamedPackageData ionic
9 silly mapToRegistry name ionic
10 silly mapToRegistry using default registry
11 silly mapToRegistry registry https://registry.npmjs.org/
12 silly mapToRegistry data Result {
12 silly mapToRegistry   raw: 'ionic',
12 silly mapToRegistry   scope: null,
12 silly mapToRegistry   escapedName: 'ionic',
12 silly mapToRegistry   name: 'ionic',
12 silly mapToRegistry   rawSpec: '',
12 silly mapToRegistry   spec: 'latest',
12 silly mapToRegistry   type: 'tag' }
13 silly mapToRegistry uri https://registry.npmjs.org/ionic
14 verbose request uri https://registry.npmjs.org/ionic
15 verbose request no auth needed
16 info attempt registry request try #1 at 15:51:27
17 verbose request id cd0cf598eacd95dd
18 verbose etag W/"58f959f5-e483e"
19 verbose lastModified Fri, 21 Apr 2017 01:01:41 GMT
20 http request GET https://registry.npmjs.org/ionic
21 http 304 https://registry.npmjs.org/ionic
22 verbose headers { date: 'Fri, 21 Apr 2017 07:51:28 GMT',
22 verbose headers   via: '1.1 varnish',
22 verbose headers   'cache-control': 'max-age=300',
22 verbose headers   etag: 'W/"58f959f5-e483e"',
22 verbose headers   age: '15',
22 verbose headers   connection: 'keep-alive',
22 verbose headers   'x-served-by': 'cache-hkg6820-HKG',
22 verbose headers   'x-cache': 'HIT',
22 verbose headers   'x-cache-hits': '5',
22 verbose headers   'x-timer': 'S1492761089.663121,VS0,VE0',
22 verbose headers   vary: 'Accept-Encoding' }
23 silly get cb [ 304,
23 silly get   { date: 'Fri, 21 Apr 2017 07:51:28 GMT',
23 silly get     via: '1.1 varnish',
23 silly get     'cache-control': 'max-age=300',
23 silly get     etag: 'W/"58f959f5-e483e"',
23 silly get     age: '15',
23 silly get     connection: 'keep-alive',
23 silly get     'x-served-by': 'cache-hkg6820-HKG',
23 silly get     'x-cache': 'HIT',
23 silly get     'x-cache-hits': '5',
23 silly get     'x-timer': 'S1492761089.663121,VS0,VE0',
23 silly get     vary: 'Accept-Encoding' } ]
24 verbose etag https://registry.npmjs.org/ionic from cache
25 verbose get saving ionic to C:\Users\holyzhou\AppData\Roaming\npm-cache\registry.npmjs.org\ionic\.cache.json
26 verbose correctMkdir C:\Users\holyzhou\AppData\Roaming\npm-cache correctMkdir not in flight; initializing
27 silly install normalizeTree
28 silly loadCurrentTree Finishing
29 silly loadIdealTree Starting
30 silly install loadIdealTree
31 silly cloneCurrentTree Starting
32 silly install cloneCurrentTreeToIdealTree
33 silly cloneCurrentTree Finishing
34 silly loadShrinkwrap Starting
35 silly install loadShrinkwrap
36 silly loadShrinkwrap Finishing
37 silly loadAllDepsIntoIdealTree Starting
38 silly install loadAllDepsIntoIdealTree
39 silly resolveWithNewModule ionic@2.0.0 checking installable status
40 silly cache add args [ 'ionic@2.0.0', null ]
41 verbose cache add spec ionic@2.0.0
42 silly cache add parsed spec Result {
42 silly cache add   raw: 'ionic@2.0.0',
42 silly cache add   scope: null,
42 silly cache add   escapedName: 'ionic',
42 silly cache add   name: 'ionic',
42 silly cache add   rawSpec: '2.0.0',
42 silly cache add   spec: '2.0.0',
42 silly cache add   type: 'version' }
43 silly addNamed ionic@2.0.0
44 verbose addNamed "2.0.0" is a plain semver version for ionic
45 silly mapToRegistry name ionic
46 silly mapToRegistry using default registry
47 silly mapToRegistry registry https://registry.npmjs.org/
48 silly mapToRegistry data Result {
48 silly mapToRegistry   raw: 'ionic',
48 silly mapToRegistry   scope: null,
48 silly mapToRegistry   escapedName: 'ionic',
48 silly mapToRegistry   name: 'ionic',
48 silly mapToRegistry   rawSpec: '',
48 silly mapToRegistry   spec: 'latest',
48 silly mapToRegistry   type: 'tag' }
49 silly mapToRegistry uri https://registry.npmjs.org/ionic
50 verbose addNameVersion registry:https://registry.npmjs.org/ionic not in flight; fetching
51 verbose get https://registry.npmjs.org/ionic not expired, no request
52 silly mapToRegistry name ionic
53 silly mapToRegistry using default registry
54 silly mapToRegistry registry https://registry.npmjs.org/
55 silly mapToRegistry data Result {
55 silly mapToRegistry   raw: 'ionic',
55 silly mapToRegistry   scope: null,
55 silly mapToRegistry   escapedName: 'ionic',
55 silly mapToRegistry   name: 'ionic',
55 silly mapToRegistry   rawSpec: '',
55 silly mapToRegistry   spec: 'latest',
55 silly mapToRegistry   type: 'tag' }
56 silly mapToRegistry uri https://registry.npmjs.org/ionic
57 verbose addRemoteTarball https://registry.npmjs.org/ionic/-/ionic-2.0.0.tgz not in flight; adding
58 verbose addRemoteTarball [ 'https://registry.npmjs.org/ionic/-/ionic-2.0.0.tgz',
58 verbose addRemoteTarball   '8135804e1f2470292100dedadc571e99023e4f7c' ]
59 info retry fetch attempt 1 at 15:51:28
60 info attempt registry request try #1 at 15:51:28
61 http fetch GET https://registry.npmjs.org/ionic/-/ionic-2.0.0.tgz
62 http fetch 200 https://registry.npmjs.org/ionic/-/ionic-2.0.0.tgz
63 info retry will retry, error on last attempt: Error: read ECONNRESET
64 silly fetchAndShaCheck shasum 8135804e1f2470292100dedadc571e99023e4f7c
65 silly rollbackFailedOptional Starting
66 silly rollbackFailedOptional Finishing
67 silly runTopLevelLifecycles Finishing
68 silly install printInstalled
69 verbose stack Error: shasum check failed for C:\Users\holyzhou\AppData\Local\Temp\npm-51820-28f1b336\registry.npmjs.org\ionic\-\ionic-2.0.0.tgz
69 verbose stack Expected: 8135804e1f2470292100dedadc571e99023e4f7c
69 verbose stack Actual:   fcb9ce3e6e0941478c1f181044cc5236a88c3446
69 verbose stack From:     https://registry.npmjs.org/ionic/-/ionic-2.0.0.tgz
69 verbose stack     at C:\X.App\nvm\v6.8.1\node_modules\npm\node_modules\sha\index.js:25:8
69 verbose stack     at ReadStream.<anonymous> (C:\X.App\nvm\v6.8.1\node_modules\npm\node_modules\sha\index.js:72:7)
69 verbose stack     at emitNone (events.js:91:20)
69 verbose stack     at ReadStream.emit (events.js:185:7)
69 verbose stack     at endReadableNT (_stream_readable.js:974:12)
69 verbose stack     at _combinedTickCallback (internal/process/next_tick.js:74:11)
69 verbose stack     at process._tickCallback (internal/process/next_tick.js:98:9)
70 verbose cwd C:\X.Files\Ionic.2\iTunesBrowser
71 error Windows_NT 10.0.10240
72 error argv "C:\\Program Files\\nodejs\\node.exe" "C:\\Program Files\\nodejs\\node_modules\\npm\\bin\\npm-cli.js" "install" "-g" "ionic@2.0.0"
73 error node v6.8.1
74 error npm  v3.10.8
75 error shasum check failed for C:\Users\holyzhou\AppData\Local\Temp\npm-51820-28f1b336\registry.npmjs.org\ionic\-\ionic-2.0.0.tgz
75 error Expected: 8135804e1f2470292100dedadc571e99023e4f7c
75 error Actual:   fcb9ce3e6e0941478c1f181044cc5236a88c3446
75 error From:     https://registry.npmjs.org/ionic/-/ionic-2.0.0.tgz
76 error If you need help, you may report this error at:
76 error     <https://github.com/npm/npm/issues>
77 verbose exit [ 1, true ]
